  [1m[36mSQL (0.3ms)[0m  [1m SELECT name
 FROM sqlite_master
 WHERE type = 'table' AND NOT name = 'sqlite_sequence'
[0m
  [1m[36mSQL (0.4ms)[0m  [1m SELECT name
 FROM sqlite_master
 WHERE type = 'table' AND NOT name = 'sqlite_sequence'
[0m
  [1m[35mSQL (0.1ms)[0m  select sqlite_version(*)
  [1m[36mSQL (53.4ms)[0m  [1mCREATE TABLE "schema_migrations" ("version" varchar(255) NOT NULL) [0m
  [1m[35mSQL (0.1ms)[0m  PRAGMA index_list("schema_migrations")
  [1m[36mSQL (2.5ms)[0m  [1mCREATE UNIQUE INDEX "unique_schema_migrations" ON "schema_migrations" ("version")[0m
  [1m[35mSQL (0.1ms)[0m   SELECT name
 FROM sqlite_master
 WHERE type = 'table' AND NOT name = 'sqlite_sequence'
  [1m[36mSQL (0.1ms)[0m  [1m SELECT name
 FROM sqlite_master
 WHERE type = 'table' AND NOT name = 'sqlite_sequence'
[0m
  [1m[35mSQL (0.1ms)[0m  SELECT "schema_migrations"."version" FROM "schema_migrations"
Migrating to CreateQuotes (20110713191155)
  [1m[36mSQL (0.5ms)[0m  [1mCREATE TABLE "quotes" ("id" INTEGER PRIMARY KEY AUTOINCREMENT NOT NULL, "author" varchar(255), "quote" text, "created_at" datetime, "updated_at" datetime) [0m
  [1m[35mSQL (0.1ms)[0m  INSERT INTO "schema_migrations" ("version") VALUES ('20110713191155')
  [1m[36mSQL (0.3ms)[0m  [1m SELECT name
 FROM sqlite_master
 WHERE type = 'table' AND NOT name = 'sqlite_sequence'
[0m
  [1m[35mSQL (0.3ms)[0m  SELECT "schema_migrations"."version" FROM "schema_migrations"
  [1m[36mSQL (0.1ms)[0m  [1m SELECT name
 FROM sqlite_master
 WHERE type = 'table' AND NOT name = 'sqlite_sequence'
[0m
  [1m[35mSQL (0.0ms)[0m  PRAGMA index_list("quotes")
  [1m[36mSQL (0.4ms)[0m  [1m SELECT name
 FROM sqlite_master
 WHERE type = 'table' AND NOT name = 'sqlite_sequence'
[0m
  [1m[35mSQL (0.1ms)[0m   SELECT name
 FROM sqlite_master
 WHERE type = 'table' AND NOT name = 'sqlite_sequence'
  [1m[36mSQL (0.1ms)[0m  [1mSELECT "schema_migrations"."version" FROM "schema_migrations"[0m
  [1m[36mSQL (0.4ms)[0m  [1m SELECT name
 FROM sqlite_master
 WHERE type = 'table' AND NOT name = 'sqlite_sequence'
[0m
  [1m[35mAREL (0.4ms)[0m  INSERT INTO "quotes" ("author", "quote", "created_at", "updated_at") VALUES ('Andrew Ellis', 'Always write good code, saves time in the long run', '2011-07-13 19:13:45.995532', '2011-07-13 19:13:45.995532')
DEPRECATION WARNING: config.action_view.debug_rjs will be removed in 3.1, from 3.1 onwards you will need to install prototype-rails to continue to use RJS templates . (called from service at /Users/andrewellis/.rvm/rubies/ruby-1.9.2-p180/lib/ruby/1.9.1/webrick/httpserver.rb:111)


Started GET "/howitworks/consumer" for 127.0.0.1 at 2011-07-13 14:16:43 -0500
  Processing by HowitworksController#consumer as HTML
  [1m[36mSQL (0.5ms)[0m  [1m SELECT name
 FROM sqlite_master
 WHERE type = 'table' AND NOT name = 'sqlite_sequence'
[0m
  [1m[35mQuote Load (0.3ms)[0m  SELECT "quotes".* FROM "quotes" WHERE "quotes"."id" = 1 LIMIT 1
Rendered howitworks/consumer.html.erb within layouts/application (1.9ms)
Completed 200 OK in 102ms (Views: 33.9ms | ActiveRecord: 0.7ms)


Started GET "/javascripts/jquery.js" for 127.0.0.1 at 2011-07-13 14:16:44 -0500

ActionController::RoutingError (No route matches "/javascripts/jquery.js"):
  

Rendered /Users/andrewellis/.rvm/gems/ruby-1.9.2-p180/gems/actionpack-3.0.9/lib/action_dispatch/middleware/templates/rescues/routing_error.erb within rescues/layout (1.0ms)


Started GET "/javascripts/jquery_ujs.js" for 127.0.0.1 at 2011-07-13 14:16:44 -0500

ActionController::RoutingError (No route matches "/javascripts/jquery_ujs.js"):
  

Rendered /Users/andrewellis/.rvm/gems/ruby-1.9.2-p180/gems/actionpack-3.0.9/lib/action_dispatch/middleware/templates/rescues/routing_error.erb within rescues/layout (0.9ms)


Started GET "/howitworks/consumer" for 127.0.0.1 at 2011-07-13 14:17:46 -0500
  Processing by HowitworksController#consumer as HTML
  [1m[36mQuote Load (0.2ms)[0m  [1mSELECT "quotes".* FROM "quotes" WHERE "quotes"."id" = 1 LIMIT 1[0m
ERROR: compiling _app_views_howitworks_consumer_html_erb___3216288441303018724_2166365500_2618974905854218289 RAISED /Users/andrewellis/Sites/BigBlockDeals/bigblockdeals/app/views/howitworks/consumer.html.erb:5: syntax error, unexpected keyword_do, expecting keyword_end
');@output_buffer.append_if_string=  @quote do |f| 
                                              ^
/Users/andrewellis/Sites/BigBlockDeals/bigblockdeals/app/views/howitworks/consumer.html.erb:9: syntax error, unexpected keyword_ensure, expecting $end
Function body:           def _app_views_howitworks_consumer_html_erb___3216288441303018724_2166365500_2618974905854218289(local_assigns)
            _old_virtual_path, @_virtual_path = @_virtual_path, "howitworks/consumer";_old_output_buffer = @output_buffer;;@output_buffer = ActionView::OutputBuffer.new;@output_buffer.safe_concat('<h1>Howitworks#consumer</h1>
<p>Find me in app/views/howitworks/consumer.html.erb</p>


');@output_buffer.append_if_string=  @quote do |f| 
@output_buffer.safe_concat('	');@output_buffer.append= ( f.quote );@output_buffer.safe_concat('
');@output_buffer.safe_concat('	');@output_buffer.append= ( f.author );@output_buffer.safe_concat('
'); end ;@output_buffer.to_s
          ensure
            @_virtual_path, @output_buffer = _old_virtual_path, _old_output_buffer
          end
Backtrace: /Users/andrewellis/.rvm/gems/ruby-1.9.2-p180/gems/actionpack-3.0.9/lib/action_view/template.rb:258:in `module_eval'
/Users/andrewellis/.rvm/gems/ruby-1.9.2-p180/gems/actionpack-3.0.9/lib/action_view/template.rb:258:in `compile'
/Users/andrewellis/.rvm/gems/ruby-1.9.2-p180/gems/actionpack-3.0.9/lib/action_view/template.rb:134:in `block in render'
/Users/andrewellis/.rvm/gems/ruby-1.9.2-p180/gems/activesupport-3.0.9/lib/active_support/notifications.rb:54:in `instrument'
/Users/andrewellis/.rvm/gems/ruby-1.9.2-p180/gems/actionpack-3.0.9/lib/action_view/template.rb:127:in `render'
/Users/andrewellis/.rvm/gems/ruby-1.9.2-p180/gems/actionpack-3.0.9/lib/action_view/render/rendering.rb:59:in `block in _render_template'
/Users/andrewellis/.rvm/gems/ruby-1.9.2-p180/gems/activesupport-3.0.9/lib/active_support/notifications.rb:52:in `block in instrument'
/Users/andrewellis/.rvm/gems/ruby-1.9.2-p180/gems/activesupport-3.0.9/lib/active_support/notifications/instrumenter.rb:21:in `instrument'
/Users/andrewellis/.rvm/gems/ruby-1.9.2-p180/gems/activesupport-3.0.9/lib/active_support/notifications.rb:52:in `instrument'
/Users/andrewellis/.rvm/gems/ruby-1.9.2-p180/gems/actionpack-3.0.9/lib/action_view/render/rendering.rb:56:in `_render_template'
/Users/andrewellis/.rvm/gems/ruby-1.9.2-p180/gems/actionpack-3.0.9/lib/action_view/render/rendering.rb:26:in `render'
/Users/andrewellis/.rvm/gems/ruby-1.9.2-p180/gems/actionpack-3.0.9/lib/abstract_controller/rendering.rb:115:in `_render_template'
/Users/andrewellis/.rvm/gems/ruby-1.9.2-p180/gems/actionpack-3.0.9/lib/abstract_controller/rendering.rb:109:in `render_to_body'
/Users/andrewellis/.rvm/gems/ruby-1.9.2-p180/gems/actionpack-3.0.9/lib/action_controller/metal/renderers.rb:47:in `render_to_body'
/Users/andrewellis/.rvm/gems/ruby-1.9.2-p180/gems/actionpack-3.0.9/lib/action_controller/metal/compatibility.rb:55:in `render_to_body'
/Users/andrewellis/.rvm/gems/ruby-1.9.2-p180/gems/actionpack-3.0.9/lib/abstract_controller/rendering.rb:102:in `render_to_string'
/Users/andrewellis/.rvm/gems/ruby-1.9.2-p180/gems/actionpack-3.0.9/lib/abstract_controller/rendering.rb:93:in `render'
/Users/andrewellis/.rvm/gems/ruby-1.9.2-p180/gems/actionpack-3.0.9/lib/action_controller/metal/rendering.rb:17:in `render'
/Users/andrewellis/.rvm/gems/ruby-1.9.2-p180/gems/actionpack-3.0.9/lib/action_controller/metal/instrumentation.rb:40:in `block (2 levels) in render'
/Users/andrewellis/.rvm/gems/ruby-1.9.2-p180/gems/activesupport-3.0.9/lib/active_support/core_ext/benchmark.rb:5:in `block in ms'
/Users/andrewellis/.rvm/rubies/ruby-1.9.2-p180/lib/ruby/1.9.1/benchmark.rb:309:in `realtime'
/Users/andrewellis/.rvm/gems/ruby-1.9.2-p180/gems/activesupport-3.0.9/lib/active_support/core_ext/benchmark.rb:5:in `ms'
/Users/andrewellis/.rvm/gems/ruby-1.9.2-p180/gems/actionpack-3.0.9/lib/action_controller/metal/instrumentation.rb:40:in `block in render'
/Users/andrewellis/.rvm/gems/ruby-1.9.2-p180/gems/actionpack-3.0.9/lib/action_controller/metal/instrumentation.rb:78:in `cleanup_view_runtime'
/Users/andrewellis/.rvm/gems/ruby-1.9.2-p180/gems/activerecord-3.0.9/lib/active_record/railties/controller_runtime.rb:15:in `cleanup_view_runtime'
/Users/andrewellis/.rvm/gems/ruby-1.9.2-p180/gems/actionpack-3.0.9/lib/action_controller/metal/instrumentation.rb:39:in `render'
/Users/andrewellis/.rvm/gems/ruby-1.9.2-p180/gems/actionpack-3.0.9/lib/action_controller/metal/implicit_render.rb:10:in `default_render'
/Users/andrewellis/.rvm/gems/ruby-1.9.2-p180/gems/actionpack-3.0.9/lib/action_controller/metal/implicit_render.rb:5:in `send_action'
/Users/andrewellis/.rvm/gems/ruby-1.9.2-p180/gems/actionpack-3.0.9/lib/abstract_controller/base.rb:150:in `process_action'
/Users/andrewellis/.rvm/gems/ruby-1.9.2-p180/gems/actionpack-3.0.9/lib/action_controller/metal/rendering.rb:11:in `process_action'
/Users/andrewellis/.rvm/gems/ruby-1.9.2-p180/gems/actionpack-3.0.9/lib/abstract_controller/callbacks.rb:18:in `block in process_action'
/Users/andrewellis/.rvm/gems/ruby-1.9.2-p180/gems/activesupport-3.0.9/lib/active_support/callbacks.rb:436:in `_run__1024859825960951245__process_action__4014422014190140316__callbacks'
/Users/andrewellis/.rvm/gems/ruby-1.9.2-p180/gems/activesupport-3.0.9/lib/active_support/callbacks.rb:410:in `_run_process_action_callbacks'
/Users/andrewellis/.rvm/gems/ruby-1.9.2-p180/gems/activesupport-3.0.9/lib/active_support/callbacks.rb:94:in `run_callbacks'
/Users/andrewellis/.rvm/gems/ruby-1.9.2-p180/gems/actionpack-3.0.9/lib/abstract_controller/callbacks.rb:17:in `process_action'
/Users/andrewellis/.rvm/gems/ruby-1.9.2-p180/gems/actionpack-3.0.9/lib/action_controller/metal/instrumentation.rb:30:in `block in process_action'
/Users/andrewellis/.rvm/gems/ruby-1.9.2-p180/gems/activesupport-3.0.9/lib/active_support/notifications.rb:52:in `block in instrument'
/Users/andrewellis/.rvm/gems/ruby-1.9.2-p180/gems/activesupport-3.0.9/lib/active_support/notifications/instrumenter.rb:21:in `instrument'
/Users/andrewellis/.rvm/gems/ruby-1.9.2-p180/gems/activesupport-3.0.9/lib/active_support/notifications.rb:52:in `instrument'
/Users/andrewellis/.rvm/gems/ruby-1.9.2-p180/gems/actionpack-3.0.9/lib/action_controller/metal/instrumentation.rb:29:in `process_action'
/Users/andrewellis/.rvm/gems/ruby-1.9.2-p180/gems/actionpack-3.0.9/lib/action_controller/metal/rescue.rb:17:in `process_action'
/Users/andrewellis/.rvm/gems/ruby-1.9.2-p180/gems/actionpack-3.0.9/lib/abstract_controller/base.rb:119:in `process'
/Users/andrewellis/.rvm/gems/ruby-1.9.2-p180/gems/actionpack-3.0.9/lib/abstract_controller/rendering.rb:41:in `process'
/Users/andrewellis/.rvm/gems/ruby-1.9.2-p180/gems/actionpack-3.0.9/lib/action_controller/metal.rb:138:in `dispatch'
/Users/andrewellis/.rvm/gems/ruby-1.9.2-p180/gems/actionpack-3.0.9/lib/action_controller/metal/rack_delegation.rb:14:in `dispatch'
/Users/andrewellis/.rvm/gems/ruby-1.9.2-p180/gems/actionpack-3.0.9/lib/action_controller/metal.rb:178:in `block in action'
/Users/andrewellis/.rvm/gems/ruby-1.9.2-p180/gems/actionpack-3.0.9/lib/action_dispatch/routing/route_set.rb:62:in `call'
/Users/andrewellis/.rvm/gems/ruby-1.9.2-p180/gems/actionpack-3.0.9/lib/action_dispatch/routing/route_set.rb:62:in `dispatch'
/Users/andrewellis/.rvm/gems/ruby-1.9.2-p180/gems/actionpack-3.0.9/lib/action_dispatch/routing/route_set.rb:27:in `call'
/Users/andrewellis/.rvm/gems/ruby-1.9.2-p180/gems/rack-mount-0.6.14/lib/rack/mount/route_set.rb:148:in `block in call'
/Users/andrewellis/.rvm/gems/ruby-1.9.2-p180/gems/rack-mount-0.6.14/lib/rack/mount/code_generation.rb:93:in `block in recognize'
/Users/andrewellis/.rvm/gems/ruby-1.9.2-p180/gems/rack-mount-0.6.14/lib/rack/mount/code_generation.rb:68:in `optimized_each'
/Users/andrewellis/.rvm/gems/ruby-1.9.2-p180/gems/rack-mount-0.6.14/lib/rack/mount/code_generation.rb:92:in `recognize'
/Users/andrewellis/.rvm/gems/ruby-1.9.2-p180/gems/rack-mount-0.6.14/lib/rack/mount/route_set.rb:139:in `call'
/Users/andrewellis/.rvm/gems/ruby-1.9.2-p180/gems/actionpack-3.0.9/lib/action_dispatch/routing/route_set.rb:493:in `call'
/Users/andrewellis/.rvm/gems/ruby-1.9.2-p180/gems/actionpack-3.0.9/lib/action_dispatch/middleware/best_standards_support.rb:17:in `call'
/Users/andrewellis/.rvm/gems/ruby-1.9.2-p180/gems/actionpack-3.0.9/lib/action_dispatch/middleware/head.rb:14:in `call'
/Users/andrewellis/.rvm/gems/ruby-1.9.2-p180/gems/rack-1.2.3/lib/rack/methodoverride.rb:24:in `call'
/Users/andrewellis/.rvm/gems/ruby-1.9.2-p180/gems/actionpack-3.0.9/lib/action_dispatch/middleware/params_parser.rb:21:in `call'
/Users/andrewellis/.rvm/gems/ruby-1.9.2-p180/gems/actionpack-3.0.9/lib/action_dispatch/middleware/flash.rb:182:in `call'
/Users/andrewellis/.rvm/gems/ruby-1.9.2-p180/gems/actionpack-3.0.9/lib/action_dispatch/middleware/session/abstract_store.rb:149:in `call'
/Users/andrewellis/.rvm/gems/ruby-1.9.2-p180/gems/actionpack-3.0.9/lib/action_dispatch/middleware/cookies.rb:302:in `call'
/Users/andrewellis/.rvm/gems/ruby-1.9.2-p180/gems/activerecord-3.0.9/lib/active_record/query_cache.rb:32:in `block in call'
/Users/andrewellis/.rvm/gems/ruby-1.9.2-p180/gems/activerecord-3.0.9/lib/active_record/connection_adapters/abstract/query_cache.rb:28:in `cache'
/Users/andrewellis/.rvm/gems/ruby-1.9.2-p180/gems/activerecord-3.0.9/lib/active_record/query_cache.rb:12:in `cache'
/Users/andrewellis/.rvm/gems/ruby-1.9.2-p180/gems/activerecord-3.0.9/lib/active_record/query_cache.rb:31:in `call'
/Users/andrewellis/.rvm/gems/ruby-1.9.2-p180/gems/activerecord-3.0.9/lib/active_record/connection_adapters/abstract/connection_pool.rb:354:in `call'
/Users/andrewellis/.rvm/gems/ruby-1.9.2-p180/gems/actionpack-3.0.9/lib/action_dispatch/middleware/callbacks.rb:46:in `block in call'
/Users/andrewellis/.rvm/gems/ruby-1.9.2-p180/gems/activesupport-3.0.9/lib/active_support/callbacks.rb:416:in `_run_call_callbacks'
/Users/andrewellis/.rvm/gems/ruby-1.9.2-p180/gems/actionpack-3.0.9/lib/action_dispatch/middleware/callbacks.rb:44:in `call'
/Users/andrewellis/.rvm/gems/ruby-1.9.2-p180/gems/rack-1.2.3/lib/rack/sendfile.rb:107:in `call'
/Users/andrewellis/.rvm/gems/ruby-1.9.2-p180/gems/actionpack-3.0.9/lib/action_dispatch/middleware/remote_ip.rb:48:in `call'
/Users/andrewellis/.rvm/gems/ruby-1.9.2-p180/gems/actionpack-3.0.9/lib/action_dispatch/middleware/show_exceptions.rb:47:in `call'
/Users/andrewellis/.rvm/gems/ruby-1.9.2-p180/gems/railties-3.0.9/lib/rails/rack/logger.rb:13:in `call'
/Users/andrewellis/.rvm/gems/ruby-1.9.2-p180/gems/rack-1.2.3/lib/rack/runtime.rb:17:in `call'
/Users/andrewellis/.rvm/gems/ruby-1.9.2-p180/gems/activesupport-3.0.9/lib/active_support/cache/strategy/local_cache.rb:72:in `call'
/Users/andrewellis/.rvm/gems/ruby-1.9.2-p180/gems/rack-1.2.3/lib/rack/lock.rb:11:in `block in call'
<internal:prelude>:10:in `synchronize'
/Users/andrewellis/.rvm/gems/ruby-1.9.2-p180/gems/rack-1.2.3/lib/rack/lock.rb:11:in `call'
/Users/andrewellis/.rvm/gems/ruby-1.9.2-p180/gems/actionpack-3.0.9/lib/action_dispatch/middleware/static.rb:30:in `call'
/Users/andrewellis/.rvm/gems/ruby-1.9.2-p180/gems/railties-3.0.9/lib/rails/application.rb:168:in `call'
/Users/andrewellis/.rvm/gems/ruby-1.9.2-p180/gems/railties-3.0.9/lib/rails/application.rb:77:in `method_missing'
/Users/andrewellis/.rvm/gems/ruby-1.9.2-p180/gems/railties-3.0.9/lib/rails/rack/log_tailer.rb:14:in `call'
/Users/andrewellis/.rvm/gems/ruby-1.9.2-p180/gems/rack-1.2.3/lib/rack/content_length.rb:13:in `call'
/Users/andrewellis/.rvm/gems/ruby-1.9.2-p180/gems/rack-1.2.3/lib/rack/handler/webrick.rb:52:in `service'
/Users/andrewellis/.rvm/rubies/ruby-1.9.2-p180/lib/ruby/1.9.1/webrick/httpserver.rb:111:in `service'
/Users/andrewellis/.rvm/rubies/ruby-1.9.2-p180/lib/ruby/1.9.1/webrick/httpserver.rb:70:in `run'
/Users/andrewellis/.rvm/rubies/ruby-1.9.2-p180/lib/ruby/1.9.1/webrick/server.rb:183:in `block in start_thread'
Rendered howitworks/consumer.html.erb within layouts/application (93.2ms)
Completed 500 Internal Server Error in 108ms

ActionView::Template::Error (/Users/andrewellis/Sites/BigBlockDeals/bigblockdeals/app/views/howitworks/consumer.html.erb:5: syntax error, unexpected keyword_do, expecting keyword_end
');@output_buffer.append_if_string=  @quote do |f| 
                                              ^
/Users/andrewellis/Sites/BigBlockDeals/bigblockdeals/app/views/howitworks/consumer.html.erb:9: syntax error, unexpected keyword_ensure, expecting $end):
    2: <p>Find me in app/views/howitworks/consumer.html.erb</p>
    3: 
    4: 
    5: <% @quote do |f| %>
    6: 	<%= f.quote %>
    7: 	<%= f.author %>
    8: <% end %>
  

Rendered /Users/andrewellis/.rvm/gems/ruby-1.9.2-p180/gems/actionpack-3.0.9/lib/action_dispatch/middleware/templates/rescues/_trace.erb (1.4ms)
Rendered /Users/andrewellis/.rvm/gems/ruby-1.9.2-p180/gems/actionpack-3.0.9/lib/action_dispatch/middleware/templates/rescues/_request_and_response.erb (10.9ms)
Rendered /Users/andrewellis/.rvm/gems/ruby-1.9.2-p180/gems/actionpack-3.0.9/lib/action_dispatch/middleware/templates/rescues/template_error.erb within rescues/layout (31.3ms)


Started GET "/howitworks/consumer" for 127.0.0.1 at 2011-07-13 14:18:01 -0500
  Processing by HowitworksController#consumer as HTML
  [1m[35mQuote Load (0.2ms)[0m  SELECT "quotes".* FROM "quotes" WHERE "quotes"."id" = 1 LIMIT 1
Rendered howitworks/consumer.html.erb within layouts/application (6.8ms)
Completed 500 Internal Server Error in 17ms

ActionView::Template::Error (undefined method `each' for #<Quote:0x000001026124e0>):
    2: <p>Find me in app/views/howitworks/consumer.html.erb</p>
    3: 
    4: 
    5: <% @quote.each do |f| %>
    6: 	<%= f.quote %>
    7: 	<%= f.author %>
    8: <% end %>
  app/views/howitworks/consumer.html.erb:5:in `_app_views_howitworks_consumer_html_erb___3216288441303018724_2167406060_2618974905854218289'

Rendered /Users/andrewellis/.rvm/gems/ruby-1.9.2-p180/gems/actionpack-3.0.9/lib/action_dispatch/middleware/templates/rescues/_trace.erb (1.4ms)
Rendered /Users/andrewellis/.rvm/gems/ruby-1.9.2-p180/gems/actionpack-3.0.9/lib/action_dispatch/middleware/templates/rescues/_request_and_response.erb (3.2ms)
Rendered /Users/andrewellis/.rvm/gems/ruby-1.9.2-p180/gems/actionpack-3.0.9/lib/action_dispatch/middleware/templates/rescues/template_error.erb within rescues/layout (9.8ms)


Started GET "/howitworks/consumer" for 127.0.0.1 at 2011-07-13 14:18:22 -0500
  Processing by HowitworksController#consumer as HTML
  [1m[36mQuote Load (0.1ms)[0m  [1mSELECT "quotes".* FROM "quotes" WHERE "quotes"."id" = 1 LIMIT 1[0m
Rendered howitworks/consumer.html.erb within layouts/application (34.5ms)
Completed 200 OK in 46ms (Views: 38.3ms | ActiveRecord: 0.1ms)


Started GET "/javascripts/jquery.js" for 127.0.0.1 at 2011-07-13 14:18:22 -0500

ActionController::RoutingError (No route matches "/javascripts/jquery.js"):
  

Rendered /Users/andrewellis/.rvm/gems/ruby-1.9.2-p180/gems/actionpack-3.0.9/lib/action_dispatch/middleware/templates/rescues/routing_error.erb within rescues/layout (1.0ms)


Started GET "/javascripts/jquery_ujs.js" for 127.0.0.1 at 2011-07-13 14:18:22 -0500

ActionController::RoutingError (No route matches "/javascripts/jquery_ujs.js"):
  

Rendered /Users/andrewellis/.rvm/gems/ruby-1.9.2-p180/gems/actionpack-3.0.9/lib/action_dispatch/middleware/templates/rescues/routing_error.erb within rescues/layout (1.2ms)


Started GET "/howitworks/consumer" for 127.0.0.1 at 2011-07-13 14:18:30 -0500
  Processing by HowitworksController#consumer as HTML
  [1m[35mQuote Load (0.2ms)[0m  SELECT "quotes".* FROM "quotes" WHERE "quotes"."id" = 1 LIMIT 1
Rendered howitworks/consumer.html.erb within layouts/application (8.5ms)
Completed 200 OK in 22ms (Views: 13.0ms | ActiveRecord: 0.2ms)


Started GET "/javascripts/jquery.js" for 127.0.0.1 at 2011-07-13 14:18:30 -0500

ActionController::RoutingError (No route matches "/javascripts/jquery.js"):
  

Rendered /Users/andrewellis/.rvm/gems/ruby-1.9.2-p180/gems/actionpack-3.0.9/lib/action_dispatch/middleware/templates/rescues/routing_error.erb within rescues/layout (1.0ms)


Started GET "/javascripts/jquery_ujs.js" for 127.0.0.1 at 2011-07-13 14:18:30 -0500

ActionController::RoutingError (No route matches "/javascripts/jquery_ujs.js"):
  

Rendered /Users/andrewellis/.rvm/gems/ruby-1.9.2-p180/gems/actionpack-3.0.9/lib/action_dispatch/middleware/templates/rescues/routing_error.erb within rescues/layout (1.5ms)


Started GET "/howitworks/consumer" for 127.0.0.1 at 2011-07-13 14:18:35 -0500
  Processing by HowitworksController#consumer as HTML
  [1m[36mQuote Load (0.1ms)[0m  [1mSELECT "quotes".* FROM "quotes" WHERE "quotes"."id" = 1 LIMIT 1[0m
Rendered howitworks/consumer.html.erb within layouts/application (10.3ms)
Completed 200 OK in 22ms (Views: 14.2ms | ActiveRecord: 0.1ms)


Started GET "/javascripts/jquery.js" for 127.0.0.1 at 2011-07-13 14:18:35 -0500

ActionController::RoutingError (No route matches "/javascripts/jquery.js"):
  

Rendered /Users/andrewellis/.rvm/gems/ruby-1.9.2-p180/gems/actionpack-3.0.9/lib/action_dispatch/middleware/templates/rescues/routing_error.erb within rescues/layout (1.1ms)


Started GET "/javascripts/jquery_ujs.js" for 127.0.0.1 at 2011-07-13 14:18:35 -0500

ActionController::RoutingError (No route matches "/javascripts/jquery_ujs.js"):
  

Rendered /Users/andrewellis/.rvm/gems/ruby-1.9.2-p180/gems/actionpack-3.0.9/lib/action_dispatch/middleware/templates/rescues/routing_error.erb within rescues/layout (1.6ms)


Started GET "/howitworks/consumer" for 127.0.0.1 at 2011-07-13 14:20:38 -0500
  Processing by HowitworksController#consumer as HTML
  [1m[35mQuote Load (0.2ms)[0m  SELECT "quotes".* FROM "quotes" WHERE "quotes"."id" = 1 LIMIT 1
Rendered howitworks/consumer.html.erb within layouts/application (6.6ms)
Completed 200 OK in 19ms (Views: 10.3ms | ActiveRecord: 0.2ms)


Started GET "/javascripts/jquery.js" for 127.0.0.1 at 2011-07-13 14:20:38 -0500

ActionController::RoutingError (No route matches "/javascripts/jquery.js"):
  

Rendered /Users/andrewellis/.rvm/gems/ruby-1.9.2-p180/gems/actionpack-3.0.9/lib/action_dispatch/middleware/templates/rescues/routing_error.erb within rescues/layout (1.1ms)


Started GET "/javascripts/jquery_ujs.js" for 127.0.0.1 at 2011-07-13 14:20:38 -0500

ActionController::RoutingError (No route matches "/javascripts/jquery_ujs.js"):
  

Rendered /Users/andrewellis/.rvm/gems/ruby-1.9.2-p180/gems/actionpack-3.0.9/lib/action_dispatch/middleware/templates/rescues/routing_error.erb within rescues/layout (1.0ms)


Started GET "/howitworks/consumer" for 127.0.0.1 at 2011-07-13 14:20:43 -0500
  Processing by HowitworksController#consumer as HTML
  [1m[36mQuote Load (0.2ms)[0m  [1mSELECT "quotes".* FROM "quotes" WHERE "quotes"."id" = 1 LIMIT 1[0m
Rendered howitworks/consumer.html.erb within layouts/application (7.8ms)
Completed 200 OK in 20ms (Views: 11.9ms | ActiveRecord: 0.2ms)


Started GET "/javascripts/jquery.js" for 127.0.0.1 at 2011-07-13 14:20:43 -0500

ActionController::RoutingError (No route matches "/javascripts/jquery.js"):
  

Rendered /Users/andrewellis/.rvm/gems/ruby-1.9.2-p180/gems/actionpack-3.0.9/lib/action_dispatch/middleware/templates/rescues/routing_error.erb within rescues/layout (1.4ms)


Started GET "/javascripts/jquery_ujs.js" for 127.0.0.1 at 2011-07-13 14:20:43 -0500

ActionController::RoutingError (No route matches "/javascripts/jquery_ujs.js"):
  

Rendered /Users/andrewellis/.rvm/gems/ruby-1.9.2-p180/gems/actionpack-3.0.9/lib/action_dispatch/middleware/templates/rescues/routing_error.erb within rescues/layout (1.2ms)
  [1m[36mSQL (8.5ms)[0m  [1m SELECT name
 FROM sqlite_master
 WHERE type = 'table' AND NOT name = 'sqlite_sequence'
[0m
  [1m[35mSQL (0.2ms)[0m   SELECT name
 FROM sqlite_master
 WHERE type = 'table' AND NOT name = 'sqlite_sequence'
  [1m[36mSQL (0.1ms)[0m  [1mSELECT "schema_migrations"."version" FROM "schema_migrations"[0m
Migrating to CreateQuotes (20110713191155)
  [1m[35mSQL (0.1ms)[0m  select sqlite_version(*)
  [1m[36mSQL (0.1ms)[0m  [1m SELECT name
 FROM sqlite_master
 WHERE type = 'table' AND NOT name = 'sqlite_sequence'
[0m
  [1m[35mSQL (0.1ms)[0m  SELECT "schema_migrations"."version" FROM "schema_migrations"
  [1m[36mSQL (0.1ms)[0m  [1m SELECT name
 FROM sqlite_master
 WHERE type = 'table' AND NOT name = 'sqlite_sequence'
[0m
  [1m[35mSQL (0.0ms)[0m  PRAGMA index_list("quotes")
DEPRECATION WARNING: config.action_view.debug_rjs will be removed in 3.1, from 3.1 onwards you will need to install prototype-rails to continue to use RJS templates . (called from debug_rjs= at /usr/local/rvm/gems/ruby-1.8.7-p352/gems/actionpack-3.0.9/lib/action_view/base.rb:171)


Started GET "/" for 206.123.64.210 at Thu Jul 14 23:14:48 -0500 2011
  Processing by HowitworksController#consumer as HTML
  [1m[36mSQL (5.0ms)[0m  [1m SELECT name
 FROM sqlite_master
 WHERE type = 'table' AND NOT name = 'sqlite_sequence'
[0m
  [1m[35mQuote Load (0.2ms)[0m  SELECT "quotes".* FROM "quotes" WHERE "quotes"."id" = 1 LIMIT 1
Rendered howitworks/consumer.html.erb within layouts/application (72.7ms)
Completed 200 OK in 119ms (Views: 84.5ms | ActiveRecord: 5.1ms)


Started GET "/javascripts/jquery.js" for 206.123.64.210 at Thu Jul 14 23:14:48 -0500 2011

ActionController::RoutingError (No route matches "/javascripts/jquery.js"):
  

Rendered /usr/local/rvm/gems/ruby-1.8.7-p352/gems/actionpack-3.0.9/lib/action_dispatch/middleware/templates/rescues/routing_error.erb within rescues/layout (0.9ms)


Started GET "/javascripts/jquery_ujs.js" for 206.123.64.210 at Thu Jul 14 23:14:48 -0500 2011

ActionController::RoutingError (No route matches "/javascripts/jquery_ujs.js"):
  

Rendered /usr/local/rvm/gems/ruby-1.8.7-p352/gems/actionpack-3.0.9/lib/action_dispatch/middleware/templates/rescues/routing_error.erb within rescues/layout (0.8ms)


Started GET "/" for 46.105.24.61 at Thu Jul 14 23:31:19 -0500 2011
  Processing by HowitworksController#consumer as HTML
  [1m[36mQuote Load (0.2ms)[0m  [1mSELECT "quotes".* FROM "quotes" WHERE "quotes"."id" = 1 LIMIT 1[0m
Rendered howitworks/consumer.html.erb within layouts/application (5.6ms)
Completed 200 OK in 17ms (Views: 9.7ms | ActiveRecord: 0.2ms)
  [1m[36mSQL (0.5ms)[0m  [1m SELECT name
 FROM sqlite_master
 WHERE type = 'table' AND NOT name = 'sqlite_sequence'
[0m
  [1m[35mSQL (0.1ms)[0m   SELECT name
 FROM sqlite_master
 WHERE type = 'table' AND NOT name = 'sqlite_sequence'
  [1m[36mSQL (0.1ms)[0m  [1mSELECT "schema_migrations"."version" FROM "schema_migrations"[0m
Migrating to CreateQuotes (20110713191155)
Migrating to CreateMerchantInformations (20110715134031)
  [1m[35mSQL (0.1ms)[0m  select sqlite_version(*)
  [1m[36mSQL (0.4ms)[0m  [1m SELECT name
 FROM sqlite_master
 WHERE type = 'table' AND NOT name = 'sqlite_sequence'
[0m
  [1m[35mSQL (0.1ms)[0m   SELECT name
 FROM sqlite_master
 WHERE type = 'table' AND NOT name = 'sqlite_sequence'
  [1m[36mSQL (0.1ms)[0m  [1mSELECT "schema_migrations"."version" FROM "schema_migrations"[0m
Migrating to CreateQuotes (20110713191155)
Migrating to CreateMerchantInformations (20110715134031)
  [1m[35mSQL (0.1ms)[0m  select sqlite_version(*)
  [1m[36mSQL (0.4ms)[0m  [1m SELECT name
 FROM sqlite_master
 WHERE type = 'table' AND NOT name = 'sqlite_sequence'
[0m
  [1m[35mSQL (0.1ms)[0m   SELECT name
 FROM sqlite_master
 WHERE type = 'table' AND NOT name = 'sqlite_sequence'
  [1m[36mSQL (0.1ms)[0m  [1mSELECT "schema_migrations"."version" FROM "schema_migrations"[0m
Migrating to CreateQuotes (20110713191155)
Migrating to CreateMerchantInformations (20110715134031)
  [1m[35mSQL (0.1ms)[0m  select sqlite_version(*)
  [1m[36mSQL (0.8ms)[0m  [1mCREATE TABLE "merchant_informations" ("id" INTEGER PRIMARY KEY AUTOINCREMENT NOT NULL, "merchant_name" varchar(255), "address" varchar(255), "city" varchar(255), "state" varchar(255), "zip" integer, "website" varchar(255), "office_phone" integer, "email" varchar(255), "contact_name" varchar(255), "industry" varchar(255), "note" varchar(255), "created_at" datetime, "updated_at" datetime) [0m
  [1m[35mSQL (1.0ms)[0m  INSERT INTO "schema_migrations" ("version") VALUES ('20110715134031')
  [1m[36mSQL (0.2ms)[0m  [1m SELECT name
 FROM sqlite_master
 WHERE type = 'table' AND NOT name = 'sqlite_sequence'
[0m
  [1m[35mSQL (0.1ms)[0m  SELECT "schema_migrations"."version" FROM "schema_migrations"
  [1m[36mSQL (0.1ms)[0m  [1m SELECT name
 FROM sqlite_master
 WHERE type = 'table' AND NOT name = 'sqlite_sequence'
[0m
  [1m[35mSQL (0.0ms)[0m  PRAGMA index_list("merchant_informations")
  [1m[36mSQL (0.0ms)[0m  [1mPRAGMA index_list("quotes")[0m
